<?xml version="1.0" encoding="UTF-8"?>
<testng-results ignored="0" total="2" passed="2" failed="0" skipped="0">
  <reporter-output>
  </reporter-output>
  <suite started-at="2021-08-27T01:36:38 BST" name="Command line suite" finished-at="2021-08-27T01:36:38 BST" duration-ms="34">
    <groups>
    </groups>
    <test started-at="2021-08-27T01:36:38 BST" name="Command line test" finished-at="2021-08-27T01:36:38 BST" duration-ms="34">
      <class name="com.example.SeleniumTest">
        <test-method is-config="true" signature="beforeMethod()[pri:0, instance:com.example.SeleniumTest@491cc5c9]" started-at="2021-08-27T01:36:38 BST" name="beforeMethod" finished-at="2021-08-27T01:36:38 BST" duration-ms="3" status="PASS">
          <reporter-output>
          </reporter-output>
        </test-method> <!-- beforeMethod -->
        <test-method signature="f(java.lang.Integer, java.lang.String)[pri:0, instance:com.example.SeleniumTest@491cc5c9]" started-at="2021-08-27T01:36:38 BST" name="f" data-provider="dp" finished-at="2021-08-27T01:36:38 BST" duration-ms="1" status="PASS">
          <params>
            <param index="0">
              <value>
                <![CDATA[1]]>
              </value>
            </param>
            <param index="1">
              <value>
                <![CDATA[a]]>
              </value>
            </param>
          </params>
          <reporter-output>
          </reporter-output>
        </test-method> <!-- f -->
        <test-method is-config="true" signature="beforeMethod()[pri:0, instance:com.example.SeleniumTest@491cc5c9]" started-at="2021-08-27T01:36:38 BST" name="beforeMethod" finished-at="2021-08-27T01:36:38 BST" duration-ms="1" status="PASS">
          <reporter-output>
          </reporter-output>
        </test-method> <!-- beforeMethod -->
        <test-method signature="f(java.lang.Integer, java.lang.String)[pri:0, instance:com.example.SeleniumTest@491cc5c9]" started-at="2021-08-27T01:36:38 BST" name="f" data-provider="dp" finished-at="2021-08-27T01:36:38 BST" duration-ms="0" status="PASS">
          <params>
            <param index="0">
              <value>
                <![CDATA[2]]>
              </value>
            </param>
            <param index="1">
              <value>
                <![CDATA[b]]>
              </value>
            </param>
          </params>
          <reporter-output>
          </reporter-output>
        </test-method> <!-- f -->
        <test-method is-config="true" signature="afterClass()[pri:0, instance:com.example.SeleniumTest@491cc5c9]" started-at="2021-08-27T01:36:38 BST" name="afterClass" finished-at="2021-08-27T01:36:38 BST" duration-ms="0" status="PASS">
          <reporter-output>
          </reporter-output>
        </test-method> <!-- afterClass -->
      </class> <!-- com.example.SeleniumTest -->
    </test> <!-- Command line test -->
  </suite> <!-- Command line suite -->
</testng-results>
